<?xml version="1.0" encoding="UTF-8"?>
<!-- Generated by org.testng.reporters.JUnitXMLReporter -->
<testsuite hostname="DESKTOP-O1KOTA3" ignored="0" name="LogOut" tests="1" failures="0" timestamp="08 Jul 2021 15:37:06 GMT" time="0.047" errors="0">
  <testcase name="@BeforeClass setup" time="0.0" classname="com.OrangeHRM.TestBase.BaseClass">
    <failure type="org.testng.TestNGException" message="
Parameter &amp;apos;browser&amp;apos; is required by BeforeClass on method setup but has not been marked @Optional or defined
in C:\Users\user\Desktop\IT\JAVA\Script\OrangeHRM_4Jul\logOut\testng.xml">
      <![CDATA[org.testng.TestNGException: 
Parameter 'browser' is required by BeforeClass on method setup but has not been marked @Optional or defined
in C:\Users\user\Desktop\IT\JAVA\Script\OrangeHRM_4Jul\logOut\testng.xml
... Removed 23 stack frames]]>
    </failure>
  </testcase> <!-- @BeforeClass setup -->
  <testcase name="@AfterClass tearDown" time="0.0" classname="com.OrangeHRM.TestBase.BaseClass">
    <skipped/>
  </testcase> <!-- @AfterClass tearDown -->
  <testcase name="logout" time="0.0" classname="com.OrangeHRM.TestCases.TC003_ClickingOn_LogOut">
    <skipped/>
  </testcase> <!-- logout -->
</testsuite> <!-- LogOut -->
