<?xml version="1.0" encoding="UTF-8"?>
<testsuite xmlns:xsi="http://www.w3.org/2001/XMLSchema-instance" xsi:noNamespaceSchemaLocation="https://maven.apache.org/surefire/maven-surefire-plugin/xsd/surefire-test-report-3.0.xsd" version="3.0" name="TestSuite" time="15.625" tests="4" errors="0" skipped="0" failures="0">
  <properties>
[...]
</properties>
  <testcase name="forgotpasswordlink" classname="com.OrangeHRM.TestCases.TC002_ClickingOn_ForgotPassword_Link" time="3.097">
    <system-out><![CDATA[[TestNGContentHandler] [WARN] It is strongly recommended to add "<!DOCTYPE suite SYSTEM "http://testng.org/testng-1.0.dtd" >" at the top of your file, otherwise TestNG may fail or not work as expected.
13:16:09.508 [TestNG-tests-4] DEBUG io.github.bonigarcia.wdm.cache.ResolutionCache - Resolution chrome=91 in cache (valid until 10:39:54 08/07/2021 PDT)
13:16:09.512 [TestNG-tests-4] DEBUG io.github.bonigarcia.wdm.cache.ResolutionCache - Resolution chrome91=91.0.4472.101 in cache (valid until 16:02:21 08/07/2021 PDT)
13:16:09.512 [TestNG-tests-4] INFO io.github.bonigarcia.wdm.WebDriverManager - Using chromedriver 91.0.4472.101 (since Chrome 91 is installed in your machine)
13:16:09.537 [TestNG-tests-4] DEBUG io.github.bonigarcia.wdm.WebDriverManager - Driver chromedriver 91.0.4472.101 found in cache
13:16:09.538 [TestNG-tests-4] INFO io.github.bonigarcia.wdm.WebDriverManager - Exporting webdriver.chrome.driver as C:\Users\user\.m2\repository\webdriver\chromedriver\win32\91.0.4472.101\chromedriver.exe
13:16:09.543 [TestNG-tests-3] DEBUG io.github.bonigarcia.wdm.cache.ResolutionCache - Resolution chrome=91 in cache (valid until 10:39:54 08/07/2021 PDT)
13:16:09.543 [TestNG-tests-3] DEBUG io.github.bonigarcia.wdm.cache.ResolutionCache - Resolution chrome91=91.0.4472.101 in cache (valid until 16:02:21 08/07/2021 PDT)
13:16:09.543 [TestNG-tests-3] INFO io.github.bonigarcia.wdm.WebDriverManager - Using chromedriver 91.0.4472.101 (since Chrome 91 is installed in your machine)
13:16:09.552 [TestNG-tests-3] DEBUG io.github.bonigarcia.wdm.WebDriverManager - Driver chromedriver 91.0.4472.101 found in cache
13:16:09.553 [TestNG-tests-3] INFO io.github.bonigarcia.wdm.WebDriverManager - Exporting webdriver.chrome.driver as C:\Users\user\.m2\repository\webdriver\chromedriver\win32\91.0.4472.101\chromedriver.exe
13:16:09.557 [TestNG-tests-2] DEBUG io.github.bonigarcia.wdm.cache.ResolutionCache - Resolution chrome=91 in cache (valid until 10:39:54 08/07/2021 PDT)
13:16:09.558 [TestNG-tests-2] DEBUG io.github.bonigarcia.wdm.cache.ResolutionCache - Resolution chrome91=91.0.4472.101 in cache (valid until 16:02:21 08/07/2021 PDT)
13:16:09.558 [TestNG-tests-2] INFO io.github.bonigarcia.wdm.WebDriverManager - Using chromedriver 91.0.4472.101 (since Chrome 91 is installed in your machine)
13:16:09.566 [TestNG-tests-2] DEBUG io.github.bonigarcia.wdm.WebDriverManager - Driver chromedriver 91.0.4472.101 found in cache
13:16:09.567 [TestNG-tests-2] INFO io.github.bonigarcia.wdm.WebDriverManager - Exporting webdriver.chrome.driver as C:\Users\user\.m2\repository\webdriver\chromedriver\win32\91.0.4472.101\chromedriver.exe
13:16:09.575 [TestNG-tests-1] DEBUG io.github.bonigarcia.wdm.cache.ResolutionCache - Resolution chrome=91 in cache (valid until 10:39:54 08/07/2021 PDT)
13:16:09.576 [TestNG-tests-1] DEBUG io.github.bonigarcia.wdm.cache.ResolutionCache - Resolution chrome91=91.0.4472.101 in cache (valid until 16:02:21 08/07/2021 PDT)
13:16:09.576 [TestNG-tests-1] INFO io.github.bonigarcia.wdm.WebDriverManager - Using chromedriver 91.0.4472.101 (since Chrome 91 is installed in your machine)
13:16:09.585 [TestNG-tests-1] DEBUG io.github.bonigarcia.wdm.WebDriverManager - Driver chromedriver 91.0.4472.101 found in cache
13:16:09.586 [TestNG-tests-1] INFO io.github.bonigarcia.wdm.WebDriverManager - Exporting webdriver.chrome.driver as C:\Users\user\.m2\repository\webdriver\chromedriver\win32\91.0.4472.101\chromedriver.exe

Captured Screenshot
]]></system-out>
    <system-err><![CDATA[ERROR StatusLogger No Log4j 2 configuration file found. Using default configuration (logging only errors to the console), or user programmatically provided configurations. Set system property 'log4j2.debug' to show Log4j 2 internal initialization logging. See https://logging.apache.org/log4j/2.x/manual/configuration.html for instructions on how to configure Log4j 2
SLF4J: Class path contains multiple SLF4J bindings.
SLF4J: Found binding in [jar:file:/C:/Users/user/.m2/repository/ch/qos/logback/logback-classic/1.2.3/logback-classic-1.2.3.jar!/org/slf4j/impl/StaticLoggerBinder.class]
SLF4J: Found binding in [jar:file:/C:/Users/user/.m2/repository/org/apache/logging/log4j/log4j-slf4j-impl/2.11.1/log4j-slf4j-impl-2.11.1.jar!/org/slf4j/impl/StaticLoggerBinder.class]
SLF4J: See http://www.slf4j.org/codes.html#multiple_bindings for an explanation.
SLF4J: Actual binding is of type [ch.qos.logback.classic.util.ContextSelectorStaticBinder]
Starting ChromeDriver 91.0.4472.101 (af52a90bf87030dd1523486aS1tcadr3taien2g5 cC5hdr7o6mce9Dbr-irveefrs /9b1r.a0n.c4h4-7h2e.a1d0s1/ (4a4f7522@a{9#01b4f6827}0)3 0odnd 15p2o3r4t86 a310c9d236ae
2O5ncl5dy7 6lco9cba-lr ecfosn/nbercatnicho-nhse aadrse/ 4a4l7l2o@w{e#d1.46
2P}l) eoans ep osrete  2h4t5tp3s3:/
/Ocnhlroym eldorciavler .cocnhnreocmtiiuonms. oarrge/ saelcluorwietdy.-c
oPnlsiedaesrea tisoenes  hftotrp ss:u/g/gecshtrioomnesd roinv keere.pcihnrgo mCihurmo.meoDrrgi/vseerc suarfiet.y-
considerations for suggestions on keeping ChromeDriver safe.
Starting ChromeDriver 91.0.4472.101 (af52a90bf87030dd15C2h3r4o8m6eaD1rcidv3ear ew25acs5 sd7ta6cr9teb-d rseufcs/cbersasfnculhl-hy.ead
s/4472@{#1462}) on port 29397
Only local connections are allowed.
Please see https://chromedriver.chromium.org/security-considerations for suggestions on keeping ChromeDriver safe.
ChromeDriver was started successfully.
ChromeDriver was started successfully.
Starting ChromeDriver 91.0.4472.101 (af52a90bf87030dd1523486a1cd3ae25c5d76c9b-refs/branch-heads/4472@{#1462}) on port 2297
Only local connections are allowed.
Please see https://chromedriver.chromium.org/security-considerations for suggestions on keeping ChromeDriver safe.
ChromeDriver was started successfully.
Jul 08, 2021 1:16:12 PM org.openqa.selenium.remote.ProtocolHandshake createSession
INFO: Detected dialect: W3C
Jul 08, 2021 1:16:12 PM org.openqa.selenium.remote.ProtocolHandshake createSession
INFO: Detected dialect: W3C
Jul 08, 2021 1:16:12 PM org.openqa.selenium.remote.ProtocolHandshake createSession
INFO: Detected dialect: W3C
Jul 08, 2021 1:16:12 PM org.openqa.selenium.remote.ProtocolHandshake createSession
INFO: Detected dialect: W3C
]]></system-err>
  </testcase>
  <testcase name="test" classname="com.OrangeHRM.TestCases.TC001_LoginTest_Normal_Way" time="4.523">
    <system-out><![CDATA[Application Title After Login is - OrangeHRM
OrangeHRM
]]></system-out>
  </testcase>
  <testcase name="test" classname="com.OrangeHRM.TestCases.TC001_LoginTest_CallingFrom_BaseClass" time="5.32">
    <system-out><![CDATA[Captured Screenshot
]]></system-out>
  </testcase>
  <testcase name="logout" classname="com.OrangeHRM.TestCases.TC003_ClickingOn_LogOut" time="8.699">
    <system-out><![CDATA[Captured Screenshot
]]></system-out>
    <system-err><![CDATA[log4j:WARN No appenders could be found for logger (freemarker.cache).
log4j:WARN Please initialize the log4j system properly.
log4j:WARN See http://logging.apache.org/log4j/1.2/faq.html#noconfig for more info.
]]></system-err>
  </testcase>
</testsuite>